<?xml version="1.0" encoding="UTF-8"?>
<!-- Generated by org.testng.reporters.JUnitXMLReporter -->
<testsuite ignored="0" hostname="DESKTOP-HJHABDC" failures="1" tests="4" name="Error Validations Test" time="26.348" errors="0" timestamp="2024-04-27T10:41:10 CEST">
  <testcase classname="dusanselenium.tests.ErrorValidations" name="loginIncorrectCredentials" time="0.4">
    <skipped/>
  </testcase> <!-- loginIncorrectCredentials -->
  <testcase classname="dusanselenium.tests.ErrorValidations" name="loginIncorrectCredentials" time="0.909">
    <skipped/>
  </testcase> <!-- loginIncorrectCredentials -->
  <testcase classname="dusanselenium.tests.ErrorValidations" name="loginIncorrectCredentials" time="0.925">
    <failure type="java.lang.AssertionError" message="expected [Incorrect email or password.] but found [Incorrect emaill or password.]">
      <![CDATA[java.lang.AssertionError: expected [Incorrect email or password.] but found [Incorrect emaill or password.]
at dusanselenium.tests.ErrorValidations.loginIncorrectCredentials(ErrorValidations.java:19)
at java.base/java.util.ArrayList.forEach(ArrayList.java:1511)
... Removed 33 stack frames]]>
    </failure>
  </testcase> <!-- loginIncorrectCredentials -->
  <testcase classname="dusanselenium.tests.ErrorValidations" name="productErrorValidation" time="2.244"/>
</testsuite> <!-- Error Validations Test -->
